0 info it worked if it ends with ok
1 verbose cli [ '/build/node/bin/node',
1 verbose cli   '/build/node/bin/npm',
1 verbose cli   'run-script',
1 verbose cli   'webpack' ]
2 info using npm@2.15.1
3 info using node@v4.4.3
4 verbose run-script [ 'prewebpack', 'webpack', 'postwebpack' ]
5 info prewebpack know-your-glass@0.0.1
6 info webpack know-your-glass@0.0.1
7 verbose unsafe-perm in lifecycle true
8 info know-your-glass@0.0.1 Failed to exec webpack script
9 verbose stack Error: know-your-glass@0.0.1 webpack: `rimraf dist && webpack --config webpack.config.js --progress --profile --bail`
9 verbose stack Exit status 1
9 verbose stack     at EventEmitter.<anonymous> (/build/node/lib/node_modules/npm/lib/utils/lifecycle.js:217:16)
9 verbose stack     at emitTwo (events.js:87:13)
9 verbose stack     at EventEmitter.emit (events.js:172:7)
9 verbose stack     at ChildProcess.<anonymous> (/build/node/lib/node_modules/npm/lib/utils/spawn.js:24:14)
9 verbose stack     at emitTwo (events.js:87:13)
9 verbose stack     at ChildProcess.emit (events.js:172:7)
9 verbose stack     at maybeClose (internal/child_process.js:827:16)
9 verbose stack     at Process.ChildProcess._handle.onexit (internal/child_process.js:211:5)
10 verbose pkgid know-your-glass@0.0.1
11 verbose cwd /build/chris-dev/KnowYourGlass2/src/app
12 error Linux 4.4.0-21-generic
13 error argv "/build/node/bin/node" "/build/node/bin/npm" "run-script" "webpack"
14 error node v4.4.3
15 error npm  v2.15.1
16 error code ELIFECYCLE
17 error know-your-glass@0.0.1 webpack: `rimraf dist && webpack --config webpack.config.js --progress --profile --bail`
17 error Exit status 1
18 error Failed at the know-your-glass@0.0.1 webpack script 'rimraf dist && webpack --config webpack.config.js --progress --profile --bail'.
18 error This is most likely a problem with the know-your-glass package,
18 error not with npm itself.
18 error Tell the author that this fails on your system:
18 error     rimraf dist && webpack --config webpack.config.js --progress --profile --bail
18 error You can get information on how to open an issue for this project with:
18 error     npm bugs know-your-glass
18 error Or if that isn't available, you can get their info via:
18 error
18 error     npm owner ls know-your-glass
18 error There is likely additional logging output above.
19 verbose exit [ 1, true ]
